0 info it worked if it ends with ok
1 verbose cli [ '/usr/local/Cellar/node/5.0.0/bin/node',
1 verbose cli   '/usr/local/bin/npm',
1 verbose cli   'publish' ]
2 info using npm@3.3.9
3 info using node@v5.0.0
4 verbose publish [ '.' ]
5 silly cache add args [ '.', null ]
6 verbose cache add spec .
7 silly cache add parsed spec Result {
7 silly cache add   raw: '.',
7 silly cache add   scope: null,
7 silly cache add   name: null,
7 silly cache add   rawSpec: '.',
7 silly cache add   spec: '/Users/nikezono/Documents/markov-cluster',
7 silly cache add   type: 'directory' }
8 verbose addLocalDirectory /Users/nikezono/.npm/markov-cluster/1.2.3/package.tgz not in flight; packing
9 info lifecycle markov-cluster@1.2.3~prepublish: markov-cluster@1.2.3
10 verbose lifecycle markov-cluster@1.2.3~prepublish: unsafe-perm in lifecycle true
11 verbose lifecycle markov-cluster@1.2.3~prepublish: PATH: /usr/local/lib/node_modules/npm/bin/node-gyp-bin:/Users/nikezono/Documents/markov-cluster/node_modules/.bin:/usr/local/Cellar/ruby/2.0.0-p195/bin:/usr/local/bin:/usr/bin:/bin:/usr/sbin:/sbin:/usr/local/share/python:/usr/local/opt/coreutils/libexec/gnubin:/Users/nikezono/bin:/usr/local/sbin:/usr/X11/bin
12 verbose lifecycle markov-cluster@1.2.3~prepublish: CWD: /Users/nikezono/Documents/markov-cluster
13 silly lifecycle markov-cluster@1.2.3~prepublish: Args: [ '-c', 'coffee -c -o lib src' ]
14 silly lifecycle markov-cluster@1.2.3~prepublish: Returned: code: 0  signal: null
15 verbose tar pack [ '/Users/nikezono/.npm/markov-cluster/1.2.3/package.tgz',
15 verbose tar pack   '/Users/nikezono/Documents/markov-cluster' ]
16 verbose tarball /Users/nikezono/.npm/markov-cluster/1.2.3/package.tgz
17 verbose folder /Users/nikezono/Documents/markov-cluster
18 verbose addLocalTarball adding from inside cache /Users/nikezono/.npm/markov-cluster/1.2.3/package.tgz
19 silly cache afterAdd markov-cluster@1.2.3
20 verbose afterAdd /Users/nikezono/.npm/markov-cluster/1.2.3/package/package.json not in flight; writing
21 verbose afterAdd /Users/nikezono/.npm/markov-cluster/1.2.3/package/package.json written
22 silly publish { name: 'markov-cluster',
22 silly publish   version: '1.2.3',
22 silly publish   description: 'clustering graph network by Markov Cluster Algorithm(MCL)',
22 silly publish   main: 'lib/mcl.js',
22 silly publish   scripts:
22 silly publish    { test: 'mocha --compilers coffee:coffee-script/register test.coffee',
22 silly publish      prepublish: 'coffee -c -o lib src' },
22 silly publish   keywords: [ 'mcl', 'markov', 'cluster', 'graph' ],
22 silly publish   author: { name: 'nikezono' },
22 silly publish   repository: { type: 'git', url: 'git+https://github.com/nikezono/mcl.git' },
22 silly publish   license: 'MIT',
22 silly publish   dependencies: { debug: '^2.2.0', underscore: '^1.8.3' },
22 silly publish   devDependencies: { 'coffee-script': '^1.10.0', mocha: '^2.3.3' },
22 silly publish   readme: '# MCL.js\n\n[![Build Status](https://travis-ci.org/nikezono/mcl.svg)](https://travis-ci.org/nikezono/mcl)\n[![Code Climate](https://codeclimate.com/github/nikezono/mcl/badges/gpa.svg)](https://codeclimate.com/github/nikezono/mcl)\n\n\nimplementation of Markov Clustering Algorithm(MCL).\n\n[Issues by CodeClimate\'s static code analysis](https://codeclimate.com/github/nikezono/mcl/issues)\n\n# TBW\n',
22 silly publish   readmeFilename: 'README.md',
22 silly publish   gitHead: '7290b55074418ac72dea00c2772d80bd01124c88',
22 silly publish   bugs: { url: 'https://github.com/nikezono/mcl/issues' },
22 silly publish   homepage: 'https://github.com/nikezono/mcl#readme',
22 silly publish   _id: 'markov-cluster@1.2.3',
22 silly publish   _shasum: '7286e5ae30e085bd25443ddc171cf371a438f45c',
22 silly publish   _from: '.' }
23 verbose getPublishConfig undefined
24 silly mapToRegistry name markov-cluster
25 silly mapToRegistry using default registry
26 silly mapToRegistry registry https://registry.npmjs.org/
27 silly mapToRegistry uri https://registry.npmjs.org/markov-cluster
28 verbose publish registryBase https://registry.npmjs.org/
29 silly publish uploading /Users/nikezono/.npm/markov-cluster/1.2.3/package.tgz
30 verbose request uri https://registry.npmjs.org/markov-cluster
31 verbose request sending authorization for write operation
32 info attempt registry request try #1 at 13:21:49
33 verbose request using bearer token for auth
34 verbose request id 6f1475fc126d0ff0
35 http request PUT https://registry.npmjs.org/markov-cluster
36 http 403 https://registry.npmjs.org/markov-cluster
37 verbose headers { 'content-type': 'application/json',
37 verbose headers   'cache-control': 'max-age=60',
37 verbose headers   'content-length': '95',
37 verbose headers   'accept-ranges': 'bytes',
37 verbose headers   date: 'Thu, 12 Nov 2015 04:21:49 GMT',
37 verbose headers   via: '1.1 varnish',
37 verbose headers   connection: 'keep-alive',
37 verbose headers   'x-served-by': 'cache-nrt6130-NRT',
37 verbose headers   'x-cache': 'MISS',
37 verbose headers   'x-cache-hits': '0',
37 verbose headers   'x-timer': 'S1447302108.514658,VS0,VE518' }
38 verbose request invalidating /Users/nikezono/.npm/registry.npmjs.org/markov-cluster on PUT
39 error publish Failed PUT 403
40 verbose stack Error: "You cannot publish over the previously published version 1.2.3." : markov-cluster
40 verbose stack     at makeError (/usr/local/lib/node_modules/npm/node_modules/npm-registry-client/lib/request.js:264:12)
40 verbose stack     at CachingRegistryClient.<anonymous> (/usr/local/lib/node_modules/npm/node_modules/npm-registry-client/lib/request.js:252:14)
40 verbose stack     at Request._callback (/usr/local/lib/node_modules/npm/node_modules/npm-registry-client/lib/request.js:172:14)
40 verbose stack     at Request.self.callback (/usr/local/lib/node_modules/npm/node_modules/request/request.js:198:22)
40 verbose stack     at emitTwo (events.js:87:13)
40 verbose stack     at Request.emit (events.js:172:7)
40 verbose stack     at Request.<anonymous> (/usr/local/lib/node_modules/npm/node_modules/request/request.js:1082:10)
40 verbose stack     at emitOne (events.js:82:20)
40 verbose stack     at Request.emit (events.js:169:7)
40 verbose stack     at IncomingMessage.<anonymous> (/usr/local/lib/node_modules/npm/node_modules/request/request.js:1009:12)
41 verbose statusCode 403
42 verbose pkgid markov-cluster
43 verbose cwd /Users/nikezono/Documents/markov-cluster
44 error Darwin 15.0.0
45 error argv "/usr/local/Cellar/node/5.0.0/bin/node" "/usr/local/bin/npm" "publish"
46 error node v5.0.0
47 error npm  v3.3.9
48 error code E403
49 error "You cannot publish over the previously published version 1.2.3." : markov-cluster
50 error If you need help, you may report this error at:
50 error     <https://github.com/npm/npm/issues>
51 verbose exit [ 1, true ]
